{"numTotalTestSuites":2,"numPassedTestSuites":2,"numFailedTestSuites":0,"numPendingTestSuites":0,"numTotalTests":8,"numPassedTests":8,"numFailedTests":0,"numPendingTests":0,"numTodoTests":0,"snapshot":{"added":0,"failure":false,"filesAdded":0,"filesRemoved":0,"filesRemovedList":[],"filesUnmatched":0,"filesUpdated":0,"matched":0,"total":0,"unchecked":0,"uncheckedKeysByFile":[],"unmatched":0,"updated":0,"didUpdate":false},"startTime":1771388609210,"success":true,"testResults":[{"assertionResults":[{"ancestorTitles":["LoginPage"],"fullName":"LoginPage __前端元素__渲染登入表單基本元素","status":"passed","title":"__前端元素__渲染登入表單基本元素","duration":215.70389999999998,"failureMessages":[],"meta":{}},{"ancestorTitles":["LoginPage"],"fullName":"LoginPage __前端互動__切換密碼顯示狀態","status":"passed","title":"__前端互動__切換密碼顯示狀態","duration":115.34569999999985,"failureMessages":[],"meta":{}},{"ancestorTitles":["LoginPage"],"fullName":"LoginPage __function 邏輯__驗證無效 Email 格式","status":"passed","title":"__function 邏輯__驗證無效 Email 格式","duration":155.25780000000032,"failureMessages":[],"meta":{}},{"ancestorTitles":["LoginPage"],"fullName":"LoginPage __function 邏輯__驗證密碼強度不足","status":"passed","title":"__function 邏輯__驗證密碼強度不足","duration":263.2363,"failureMessages":[],"meta":{}},{"ancestorTitles":["LoginPage"],"fullName":"LoginPage __Mock API__登入成功導轉","status":"passed","title":"__Mock API__登入成功導轉","duration":224.2228,"failureMessages":[],"meta":{}},{"ancestorTitles":["LoginPage"],"fullName":"LoginPage __Mock API__登入失敗顯示錯誤","status":"passed","title":"__Mock API__登入失敗顯示錯誤","duration":230.19979999999987,"failureMessages":[],"meta":{}},{"ancestorTitles":["LoginPage"],"fullName":"LoginPage __前端互動__登入中狀態鎖定","status":"passed","title":"__前端互動__登入中狀態鎖定","duration":194.59559999999965,"failureMessages":[],"meta":{}},{"ancestorTitles":["LoginPage"],"fullName":"LoginPage __function 邏輯__已登入狀態自動導轉","status":"passed","title":"__function 邏輯__已登入狀態自動導轉","duration":10.704400000000078,"failureMessages":[],"meta":{}}],"startTime":1771388611393,"endTime":1771388612802.7043,"status":"passed","message":"","name":"D:/mysim/AI/Workflow test/vibe-coding-testing-practice/src/pages/__tests__/LoginPage.test.tsx"}]}